<?xml version="1.0" encoding="UTF-8"?>
<coverage generated="1756477107752" clover="3.2.0">
  <project timestamp="1756477107752" name="All files">
    <metrics statements="15" coveredstatements="15" conditionals="6" coveredconditionals="6" methods="7" coveredmethods="7" elements="28" coveredelements="28" complexity="0" loc="15" ncloc="15" packages="1" files="1" classes="1"/>
    <file name="heroes.js" path="D:\js_homeworks\hw_classes\src\js\heroes.js">
      <metrics statements="15" coveredstatements="15" conditionals="6" coveredconditionals="6" methods="7" coveredmethods="7"/>
      <line num="3" count="9" type="stmt"/>
      <line num="12" count="9" type="cond" truecount="4" falsecount="0"/>
      <line num="14" count="1" type="stmt"/>
      <line num="15" count="8" type="cond" truecount="2" falsecount="0"/>
      <line num="17" count="1" type="stmt"/>
      <line num="19" count="7" type="stmt"/>
      <line num="20" count="7" type="stmt"/>
      <line num="21" count="7" type="stmt"/>
      <line num="22" count="7" type="stmt"/>
      <line num="28" count="1" type="stmt"/>
      <line num="34" count="1" type="stmt"/>
      <line num="40" count="1" type="stmt"/>
      <line num="47" count="1" type="stmt"/>
      <line num="53" count="2" type="stmt"/>
      <line num="59" count="1" type="stmt"/>
    </file>
  </project>
</coverage>
