{"D:\\js_homeworks\\hw_classes\\src\\js\\heroes.js": {"path":"D:\\js_homeworks\\hw_classes\\src\\js\\heroes.js","statementMap":{"0":{"start":{"line":3,"column":23},"end":{"line":10,"column":9}},"1":{"start":{"line":12,"column":8},"end":{"line":14,"column":73}},"2":{"start":{"line":12,"column":48},"end":{"line":12,"column":64}},"3":{"start":{"line":14,"column":10},"end":{"line":14,"column":71}},"4":{"start":{"line":15,"column":8},"end":{"line":17,"column":57}},"5":{"start":{"line":15,"column":39},"end":{"line":15,"column":55}},"6":{"start":{"line":17,"column":10},"end":{"line":17,"column":55}},"7":{"start":{"line":19,"column":8},"end":{"line":19,"column":26}},"8":{"start":{"line":20,"column":8},"end":{"line":20,"column":23}},"9":{"start":{"line":21,"column":8},"end":{"line":21,"column":29}},"10":{"start":{"line":22,"column":8},"end":{"line":22,"column":31}},"11":{"start":{"line":28,"column":8},"end":{"line":28,"column":38}},"12":{"start":{"line":34,"column":8},"end":{"line":34,"column":41}},"13":{"start":{"line":40,"column":8},"end":{"line":40,"column":40}},"14":{"start":{"line":47,"column":8},"end":{"line":47,"column":38}},"15":{"start":{"line":53,"column":8},"end":{"line":53,"column":38}},"16":{"start":{"line":59,"column":8},"end":{"line":59,"column":38}}},"fnMap":{"0":{"name":"(anonymous_0)","decl":{"start":{"line":2,"column":4},"end":{"line":2,"column":5}},"loc":{"start":{"line":2,"column":45},"end":{"line":23,"column":5}},"line":2},"1":{"name":"(anonymous_1)","decl":{"start":{"line":27,"column":4},"end":{"line":27,"column":5}},"loc":{"start":{"line":27,"column":22},"end":{"line":29,"column":5}},"line":27},"2":{"name":"(anonymous_2)","decl":{"start":{"line":33,"column":4},"end":{"line":33,"column":5}},"loc":{"start":{"line":33,"column":22},"end":{"line":35,"column":5}},"line":33},"3":{"name":"(anonymous_3)","decl":{"start":{"line":39,"column":4},"end":{"line":39,"column":5}},"loc":{"start":{"line":39,"column":22},"end":{"line":41,"column":5}},"line":39},"4":{"name":"(anonymous_4)","decl":{"start":{"line":46,"column":4},"end":{"line":46,"column":5}},"loc":{"start":{"line":46,"column":22},"end":{"line":48,"column":5}},"line":46},"5":{"name":"(anonymous_5)","decl":{"start":{"line":52,"column":4},"end":{"line":52,"column":5}},"loc":{"start":{"line":52,"column":22},"end":{"line":54,"column":5}},"line":52},"6":{"name":"(anonymous_6)","decl":{"start":{"line":58,"column":4},"end":{"line":58,"column":5}},"loc":{"start":{"line":58,"column":22},"end":{"line":60,"column":5}},"line":58}},"branchMap":{"0":{"loc":{"start":{"line":12,"column":8},"end":{"line":14,"column":73}},"type":"if","locations":[{"start":{"line":12,"column":8},"end":{"line":14,"column":73}},{"start":{"line":14,"column":8},"end":{"line":14,"column":73}}],"line":12},"1":{"loc":{"start":{"line":12,"column":13},"end":{"line":12,"column":43}},"type":"binary-expr","locations":[{"start":{"line":12,"column":13},"end":{"line":12,"column":17}},{"start":{"line":12,"column":21},"end":{"line":12,"column":43}}],"line":12},"2":{"loc":{"start":{"line":15,"column":8},"end":{"line":17,"column":57}},"type":"if","locations":[{"start":{"line":15,"column":8},"end":{"line":17,"column":57}},{"start":{"line":17,"column":8},"end":{"line":17,"column":57}}],"line":15}},"s":{"0":9,"1":9,"2":8,"3":1,"4":8,"5":7,"6":1,"7":7,"8":7,"9":7,"10":7,"11":1,"12":1,"13":1,"14":1,"15":2,"16":1},"f":{"0":9,"1":1,"2":1,"3":1,"4":1,"5":2,"6":1},"b":{"0":[8,1],"1":[9,8],"2":[7,1]},"_coverageSchema":"1a1c01bbd47fc00a2c39e90264f33305004495a9","hash":"8af9b297481a4e49b7ee541dc7fce0b8473b188c"}
}
