TN:
SF:src\js\heroes.js
FN:2,(anonymous_0)
FN:27,(anonymous_1)
FN:33,(anonymous_2)
FN:39,(anonymous_3)
FN:46,(anonymous_4)
FN:52,(anonymous_5)
FN:58,(anonymous_6)
FNF:7
FNH:7
FNDA:9,(anonymous_0)
FNDA:1,(anonymous_1)
FNDA:1,(anonymous_2)
FNDA:1,(anonymous_3)
FNDA:1,(anonymous_4)
FNDA:2,(anonymous_5)
FNDA:1,(anonymous_6)
DA:3,9
DA:12,9
DA:14,1
DA:15,8
DA:17,1
DA:19,7
DA:20,7
DA:21,7
DA:22,7
DA:28,1
DA:34,1
DA:40,1
DA:47,1
DA:53,2
DA:59,1
LF:15
LH:15
BRDA:12,0,0,8
BRDA:12,0,1,1
BRDA:12,1,0,9
BRDA:12,1,1,8
BRDA:15,2,0,7
BRDA:15,2,1,1
BRF:6
BRH:6
end_of_record
